<html>
<body>
<pre>
<h1>µVision Build Log</h1>
<h2>Tool Versions:</h2>
IDE-Version: £gVision V5.16a
Copyright (C) 2015 ARM Ltd and ARM Germany GmbH. All rights reserved.
License Information: MH admin, IST, LIC=Y2BRA-19FM0-04RSQ-NADFJ-G99M2-PXGLC
 
Tool Versions:
Toolchain:       MDK-ARM Professional  Version: 5.16a
Toolchain Path:  C:\Keil_v5\ARM\ARMCC\Bin
C Compiler:      Armcc.exe V5.06 (build 20)
Assembler:       Armasm.exe V5.06 (build 20)
Linker/Locator:  ArmLink.exe V5.06 (build 20)
Library Manager: ArmAr.exe V5.06 (build 20)
Hex Converter:   FromElf.exe V5.06 (build 20)
CPU DLL:         SARMCM3.DLL V5.16a
Dialog DLL:      DCM.DLL V1.13.2.0
Target DLL:      Segger\JL2CM3.dll V2.99.15.2
Dialog DLL:      TCM.DLL V1.14.5.0
 
<h2>Project:</h2>
C:\Users\admin\Documents\GitSource\nRF51822_Dev\Project7_uart_led_liblightmodbus\project\uart_led.uvprojx
Project File Date:  11/03/2017

<h2>Output:</h2>
*** Using Compiler 'V5.06 (build 20)', folder: 'C:\Keil_v5\ARM\ARMCC\Bin'
Build target 'nrf52832_xxaa'
compiling main.c...
main.c(120): error:  #20: identifier "sstatus" is undefined
      modbusSlaveInit( &sstatus );
main.c(136): warning:  #177-D: variable "i" was declared but never referenced
          int i;
main.c(285): error:  #20: identifier "sstatus" is undefined
      for ( i = 0; i < sstatus.response.length; i++ )
main.c(295): error:  #20: identifier "sstatus" is undefined
      for ( i = 0; i < sstatus.registerCount; i++ )
main.c(300): error:  #20: identifier "sstatus" is undefined
      for ( i = 0; i < sstatus.coilCount >> 3; i++ )
main.c(305): error:  #20: identifier "sstatus" is undefined
      for ( i = 0; i < sstatus.request.length; i++ )
main.c(310): error:  #20: identifier "sstatus" is undefined
      for ( i = 0; i < sstatus.response.length; i++ )
main.c(324): error:  #20: identifier "mstatus" is undefined
              mstatus.data.address, mstatus.data.index, mstatus.data.count, mstatus.data.type );
main.c: 1 warning, 7 errors
".\Objects\uart_led.axf" - 7 Error(s), 1 Warning(s).

<h2>Software Packages used:</h2>

Package Vendor: ARM
                http://www.keil.com/pack/ARM.CMSIS.4.5.0.pack
                ARM::CMSIS:CORE:4.3.0
                CMSIS (Cortex Microcontroller Software Interface Standard)
   * Component: CORE Version: 4.3.0

Package Vendor: NordicSemiconductor
                http://developer.nordicsemi.com/nRF5_SDK/pieces/nRF_DeviceFamilyPack/NordicSemiconductor.nRF_DeviceFamilyPack.8.9.0.pack
                NordicSemiconductor::Device:Startup:8.9.0
                Nordic Semiconductor nRF ARM devices Device Family Pack.
   * Component: Startup Version: 8.9.0

<h2>Collection of Component include folders:</h2>
  C:\Users\admin\Documents\GitSource\nRF51822_Dev\Project7_uart_led_liblightmodbus\project\RTE
  C:\Keil_v5\ARM\PACK\ARM\CMSIS\4.5.0\CMSIS\Include
  C:\Keil_v5\ARM\PACK\NordicSemiconductor\nRF_DeviceFamilyPack\8.11.1\Device\Include
  C:\Keil_v5\ARM\PACK\NordicSemiconductor\nRF_DeviceFamilyPack\8.9.0\Device\Include

<h2>Collection of Component Files used:</h2>

   * Component: ARM::CMSIS:CORE:4.3.0

   * Component: NordicSemiconductor::Device:Startup:8.9.0
      Source file:   Device\Source\system_nrf52.c
      Source file:   Device\Source\arm\arm_startup_nrf52.s
      Include file:  Device\Include\system_nrf52.h
Target not created.
Build Time Elapsed:  00:00:04
</pre>
</body>
</html>
